2019-09-11 07:22:42.7119 DEBUG 
/--------------------------------------------------------------------/
   в MySql.Data.MySqlClient.ExceptionInterceptor.Throw(Exception exception)
   в MySql.Data.MySqlClient.MySqlConnection.HandleTimeoutOrThreadAbort(Exception ex)
   в MySql.Data.MySqlClient.MySqlDataReader.Read()
   в System.Data.Common.DataAdapter.FillLoadDataRow(SchemaMapping mapping)
   в System.Data.Common.DataAdapter.FillFromReader(DataSet dataset, DataTable datatable, String srcTable, DataReaderContainer dataReader, Int32 startRecord, Int32 maxRecords, DataColumn parentChapterColumn, Object parentChapterValue)
   в System.Data.Common.DataAdapter.Fill(DataTable[] dataTables, IDataReader dataReader, Int32 startRecord, Int32 maxRecords)
   в System.Data.DataTable.Load(IDataReader reader, LoadOption loadOption, FillErrorEventHandler errorHandler)
   в Родовые_сертификаты.BeremForm.FuncLoad() в C:\Users\ХудяковПЮ\source\repos\PatrimonialCertificate_new\Родовые сертификаты\BeremForm.cs:строка 74
//----------------------------//
Timeout expired.  The timeout period elapsed prior to completion of the operation or the server is not responding.


2019-09-11 07:24:04.7977 DEBUG 
/--------------------------------------------------------------------/
   в MySql.Data.MySqlClient.ExceptionInterceptor.Throw(Exception exception)
   в MySql.Data.MySqlClient.MySqlConnection.HandleTimeoutOrThreadAbort(Exception ex)
   в MySql.Data.MySqlClient.MySqlCommand.ExecuteReader(CommandBehavior behavior)
   в Родовые_сертификаты.BeremForm.FuncLoad() в C:\Users\ХудяковПЮ\source\repos\PatrimonialCertificate_new\Родовые сертификаты\BeremForm.cs:строка 74
//----------------------------//
Timeout expired.  The timeout period elapsed prior to completion of the operation or the server is not responding.


2019-09-11 15:03:39.9947 DEBUG 
/--------------------------------------------------------------------/
   в MySql.Data.MySqlClient.ExceptionInterceptor.Throw(Exception exception)
   в MySql.Data.MySqlClient.MySqlConnection.HandleTimeoutOrThreadAbort(Exception ex)
   в MySql.Data.MySqlClient.MySqlCommand.ExecuteReader(CommandBehavior behavior)
   в Родовые_сертификаты.ParturientForm.FuncLoad() в C:\Users\ХудяковПЮ\source\repos\PatrimonialCertificate_new\Родовые сертификаты\ParturientForm.cs:строка 107
//----------------------------//
Timeout expired.  The timeout period elapsed prior to completion of the operation or the server is not responding.


2019-09-11 15:04:46.8554 DEBUG 
/--------------------------------------------------------------------/
   в MySql.Data.MySqlClient.ExceptionInterceptor.Throw(Exception exception)
   в MySql.Data.MySqlClient.MySqlConnection.HandleTimeoutOrThreadAbort(Exception ex)
   в MySql.Data.MySqlClient.MySqlCommand.ExecuteReader(CommandBehavior behavior)
   в Родовые_сертификаты.ParturientForm.FuncLoad() в C:\Users\ХудяковПЮ\source\repos\PatrimonialCertificate_new\Родовые сертификаты\ParturientForm.cs:строка 107
//----------------------------//
Timeout expired.  The timeout period elapsed prior to completion of the operation or the server is not responding.


2019-09-11 15:21:26.3589 DEBUG 
/--------------------------------------------------------------------/
   в MySql.Data.MySqlClient.ExceptionInterceptor.Throw(Exception exception)
   в MySql.Data.MySqlClient.MySqlConnection.HandleTimeoutOrThreadAbort(Exception ex)
   в MySql.Data.MySqlClient.MySqlCommand.ExecuteReader(CommandBehavior behavior)
   в Родовые_сертификаты.ParturientForm.FuncLoad() в C:\Users\ХудяковПЮ\source\repos\PatrimonialCertificate_new\Родовые сертификаты\ParturientForm.cs:строка 107
//----------------------------//
Timeout expired.  The timeout period elapsed prior to completion of the operation or the server is not responding.


